#
# A fatal error has been detected by the Java Runtime Environment:
#
#  EXCEPTION_ACCESS_VIOLATION (0xc0000005) at pc=0x000000006d5bd7e6, pid=15124, tid=17248
#
# JRE version: Java(TM) SE Runtime Environment (10.0.1+10) (build 10.0.1+10)
# Java VM: Java HotSpot(TM) 64-Bit Server VM (10.0.1+10, mixed mode, tiered, compressed oops, g1 gc, windows-amd64)
# Problematic frame:
# V  [jvm.dll+0x61d7e6]
#
# No core dump will be written. Minidumps are not enabled by default on client versions of Windows
#
# If you would like to submit a bug report, please visit:
#   http://bugreport.java.com/bugreport/crash.jsp
#

---------------  S U M M A R Y ------------

Command Line: -agentlib:jdwp=transport=dt_socket,address=127.0.0.1:57924,suspend=y,server=n -javaagent:C:\Users\Marcelina\.IntelliJIdea2018.1\system\captureAgent\debugger-agent.jar=file:/C:/Users/Marcelina/AppData/Local/Temp/capture.props -Dfile.encoding=UTF-8 sample.Main

Host: Intel(R) Core(TM) i5-8250U CPU @ 1.60GHz, 8 cores, 15G,  Windows 10 , 64 bit Build 17134 (10.0.17134.1)
Time: Thu Nov 22 19:18:16 2018 ?rodkowoeuropejski czas stand. elapsed time: 178 seconds (0d 0h 2m 58s)

---------------  T H R E A D  ---------------

Current thread (0x000002b0b33a6000):  VMThread "VM Thread" [stack: 0x000000f0c3100000,0x000000f0c3200000] [id=17248]

Stack: [0x000000f0c3100000,0x000000f0c3200000],  sp=0x000000f0c31feb60,  free space=1018k
Native frames: (J=compiled Java code, j=interpreted, Vv=VM code, C=native code)
V  [jvm.dll+0x61d7e6]
V  [jvm.dll+0x31dbe3]
V  [jvm.dll+0x31fbd3]
V  [jvm.dll+0x3201ce]
V  [jvm.dll+0x31d9a5]
V  [jvm.dll+0x31cd63]
V  [jvm.dll+0x590c0f]
V  [jvm.dll+0x590ff6]
V  [jvm.dll+0x590db6]
V  [jvm.dll+0x55c228]
V  [jvm.dll+0x473b9a]
V  [jvm.dll+0x6c485c]
V  [jvm.dll+0x6c2fc5]
V  [jvm.dll+0x6c37d0]
V  [jvm.dll+0x6c3b0c]
V  [jvm.dll+0x59f680]
C  [msvcr120.dll+0x24f7f]
C  [msvcr120.dll+0x25126]
C  [KERNEL32.DLL+0x13034]
C  [ntdll.dll+0x71471]


siginfo: EXCEPTION_ACCESS_VIOLATION (0xc0000005), reading address 0xffffffffffffffff


Register to memory mapping:

RIP=0x000000006d5bd7e6 jvm.dll
RAX=0x0099970f27073603 is an unknown value
RBX=0x0000000000000000 is an unknown value
RCX=0x000000f0c31febc0 is an unknown value
RDX=0x0099970f27073603 is an unknown value
RSP=0x000000f0c31feb60 is an unknown value
RBP=0x000000f0c31ff0e0 is an unknown value
RSI=0x0000000000000000 is an unknown value
RDI=0x000000f0c31ff260 is an unknown value
R8 =0x0000000000000000 is an unknown value
R9 =0x000002b0b53bdec0 is pointing into metadata
R10=0x000000f0c31feff0 is an unknown value
R11=0x000000f0c31ff260 is an unknown value
R12=0x000000006d71d601 jvm.dll
R13=0x0000000000000000 is an unknown value
R14=0x0000000000000004 is an unknown value
R15=0x00000000000000a0 is an unknown value


Registers:
RAX=0x0099970f27073603, RBX=0x0000000000000000, RCX=0x000000f0c31febc0, RDX=0x0099970f27073603
RSP=0x000000f0c31feb60, RBP=0x000000f0c31ff0e0, RSI=0x0000000000000000, RDI=0x000000f0c31ff260
R8 =0x0000000000000000, R9 =0x000002b0b53bdec0, R10=0x000000f0c31feff0, R11=0x000000f0c31ff260
R12=0x000000006d71d601, R13=0x0000000000000000, R14=0x0000000000000004, R15=0x00000000000000a0
RIP=0x000000006d5bd7e6, EFLAGS=0x0000000000010206

Top of Stack: (sp=0x000000f0c31feb60)
0x000000f0c31feb60:   000000f0c31febc0 000000006d5bde76
0x000000f0c31feb70:   000002b0b0096c68 00000000000003d8
0x000000f0c31feb80:   0000000000000000 000000006d2bdbe3
0x000000f0c31feb90:   0000000000000001 000000f0c31ff260
0x000000f0c31feba0:   ffffffffffffffff 000000f0c31ff1a0
0x000000f0c31febb0:   000002b0b00969f0 0000000000000000
0x000000f0c31febc0:   000000006d768488 0099970f27073603
0x000000f0c31febd0:   0000000000000000 000000f00000000e
0x000000f0c31febe0:   000000f0c31febf0 0000000000000000
0x000000f0c31febf0:   0000000000000000 0000000000000000
0x000000f0c31fec00:   4fffffff4fffffff 000002b04fffffff
0x000000f0c31fec10:   0000000000000041 000000000000000c
0x000000f0c31fec20:   000000f0c31fec40 0000000000000003
0x000000f0c31fec30:   0000000046000064 00000000000003d8
0x000000f0c31fec40:   4fffffff4fffffff 000002b04fffffff
0x000000f0c31fec50:   0000000000000000 000000006d5311d8 

Instructions: (pc=0x000000006d5bd7e6)
0x000000006d5bd7c6:   61 00 8d d7 61 00 cc cc cc cc 40 53 48 83 ec 20
0x000000006d5bd7d6:   48 8b 41 08 c7 41 10 00 00 00 00 48 89 7c 24 38
0x000000006d5bd7e6:   80 78 06 28 48 8b d9 74 22 41 b9 28 00 00 00 4c
0x000000006d5bd7f6:   8d 05 64 36 1f 00 48 8d 0d 6d 36 1f 00 41 8d 51 


VM_Operation (0x000000f0c3bff7b0): GetOrSetLocal, mode: safepoint, requested by thread 0x000002b0b3991800


---------------  P R O C E S S  ---------------

Threads class SMR info:
_java_thread_list=0x000002b0b441bd90, length=20, elements={
0x000002b08c169000, 0x000002b0b33ad000, 0x000002b0b33bd800, 0x000002b0b3416800,
0x000002b0b3417000, 0x000002b0b341c000, 0x000002b0b341e800, 0x000002b0b3422800,
0x000002b0b3426800, 0x000002b0b3441800, 0x000002b0b3991800, 0x000002b0b3b3b800,
0x000002b0b395d800, 0x000002b0b392a800, 0x000002b0b3935000, 0x000002b0b3cb1000,
0x000002b0b39c8000, 0x000002b0b40de800, 0x000002b0b4429800, 0x000002b0b4b49000
}

Java Threads: ( => current thread )
  0x000002b08c169000 JavaThread "main" [_thread_blocked, id=5224, stack(0x000000f0c1c00000,0x000000f0c1d00000)]
  0x000002b0b33ad000 JavaThread "Reference Handler" daemon [_thread_blocked, id=13160, stack(0x000000f0c3200000,0x000000f0c3300000)]
  0x000002b0b33bd800 JavaThread "Finalizer" daemon [_thread_blocked, id=19208, stack(0x000000f0c3300000,0x000000f0c3400000)]
  0x000002b0b3416800 JavaThread "Signal Dispatcher" daemon [_thread_blocked, id=14396, stack(0x000000f0c3400000,0x000000f0c3500000)]
  0x000002b0b3417000 JavaThread "Attach Listener" daemon [_thread_blocked, id=13288, stack(0x000000f0c3500000,0x000000f0c3600000)]
  0x000002b0b341c000 JavaThread "C2 CompilerThread0" daemon [_thread_blocked, id=17436, stack(0x000000f0c3600000,0x000000f0c3700000)]
  0x000002b0b341e800 JavaThread "C2 CompilerThread1" daemon [_thread_blocked, id=9592, stack(0x000000f0c3700000,0x000000f0c3800000)]
  0x000002b0b3422800 JavaThread "C2 CompilerThread2" daemon [_thread_blocked, id=11628, stack(0x000000f0c3800000,0x000000f0c3900000)]
  0x000002b0b3426800 JavaThread "C1 CompilerThread3" daemon [_thread_blocked, id=3624, stack(0x000000f0c3900000,0x000000f0c3a00000)]
  0x000002b0b3441800 JavaThread "Sweeper thread" daemon [_thread_blocked, id=13272, stack(0x000000f0c3a00000,0x000000f0c3b00000)]
  0x000002b0b3991800 JavaThread "JDWP Transport Listener: dt_socket" daemon [_thread_blocked, id=10572, stack(0x000000f0c3b00000,0x000000f0c3c00000)] _threads_hazard_ptr=0x000002b0b441bd90
  0x000002b0b3b3b800 JavaThread "JDWP Event Helper Thread" daemon [_thread_blocked, id=8940, stack(0x000000f0c3c00000,0x000000f0c3d00000)]
  0x000002b0b395d800 JavaThread "JDWP Command Reader" daemon [_thread_in_native, id=1316, stack(0x000000f0c3d00000,0x000000f0c3e00000)]
  0x000002b0b392a800 JavaThread "Common-Cleaner" daemon [_thread_blocked, id=2732, stack(0x000000f0c3e00000,0x000000f0c3f00000)]
  0x000002b0b3935000 JavaThread "Service Thread" daemon [_thread_blocked, id=18772, stack(0x000000f0c3f00000,0x000000f0c4000000)]
  0x000002b0b3cb1000 JavaThread "QuantumRenderer-0" daemon [_thread_blocked, id=14780, stack(0x000000f0c4100000,0x000000f0c4200000)]
  0x000002b0b39c8000 JavaThread "InvokeLaterDispatcher" daemon [_thread_blocked, id=16484, stack(0x000000f0c4200000,0x000000f0c4300000)]
  0x000002b0b40de800 JavaThread "JavaFX Application Thread" [_thread_blocked, id=4104, stack(0x000000f0c4300000,0x000000f0c4400000)]
  0x000002b0b4429800 JavaThread "JavaFX-Launcher" [_thread_blocked, id=2392, stack(0x000000f0c4800000,0x000000f0c4900000)]
  0x000002b0b4b49000 JavaThread "Thread-2" daemon [_thread_blocked, id=2736, stack(0x000000f0c4700000,0x000000f0c4800000)]

Other Threads:
=>0x000002b0b33a6000 VMThread "VM Thread" [stack: 0x000000f0c3100000,0x000000f0c3200000] [id=17248]
  0x000002b0b3936800 WatcherThread [stack: 0x000000f0c4000000,0x000000f0c4100000] [id=7324]
  0x000002b08c184800 GCTaskThread "GC Thread#0" [stack: 0x000000f0c1d00000,0x000000f0c1e00000] [id=8952]
  0x000002b08c185800 GCTaskThread "GC Thread#1" [stack: 0x000000f0c1e00000,0x000000f0c1f00000] [id=15220]
  0x000002b08c188000 GCTaskThread "GC Thread#2" [stack: 0x000000f0c1f00000,0x000000f0c2000000] [id=15320]
  0x000002b08c18b800 GCTaskThread "GC Thread#3" [stack: 0x000000f0c2000000,0x000000f0c2100000] [id=17012]
  0x000002b08c197800 GCTaskThread "GC Thread#4" [stack: 0x000000f0c2100000,0x000000f0c2200000] [id=2788]
  0x000002b08c197000 GCTaskThread "GC Thread#5" [stack: 0x000000f0c2200000,0x000000f0c2300000] [id=15100]
  0x000002b08c195800 GCTaskThread "GC Thread#6" [stack: 0x000000f0c2300000,0x000000f0c2400000] [id=8576]
  0x000002b08c195000 GCTaskThread "GC Thread#7" [stack: 0x000000f0c2400000,0x000000f0c2500000] [id=11724]
  0x000002b08c1ea800 ConcurrentGCThread "G1 Main Marker" [stack: 0x000000f0c2500000,0x000000f0c2600000] [id=11500]
  0x000002b08c196800 ConcurrentGCThread "G1 Conc#0" [stack: 0x000000f0c2600000,0x000000f0c2700000] [id=18088]
  0x000002b08c192800 ConcurrentGCThread "G1 Conc#1" [stack: 0x000000f0c2700000,0x000000f0c2800000] [id=8500]
  0x000002b0b0085800 ConcurrentGCThread "G1 Refine#0" [stack: 0x000000f0c2800000,0x000000f0c2900000] [id=9152]
  0x000002b0b0086800 ConcurrentGCThread "G1 Refine#1" [stack: 0x000000f0c2900000,0x000000f0c2a00000] [id=7720]
  0x000002b0b008f000 ConcurrentGCThread "G1 Refine#2" [stack: 0x000000f0c2a00000,0x000000f0c2b00000] [id=12824]
  0x000002b08c192000 ConcurrentGCThread "G1 Refine#3" [stack: 0x000000f0c2b00000,0x000000f0c2c00000] [id=14192]
  0x000002b08c194800 ConcurrentGCThread "G1 Refine#4" [stack: 0x000000f0c2c00000,0x000000f0c2d00000] [id=12936]
  0x000002b08c198800 ConcurrentGCThread "G1 Refine#5" [stack: 0x000000f0c2d00000,0x000000f0c2e00000] [id=18556]
  0x000002b08c199000 ConcurrentGCThread "G1 Refine#6" [stack: 0x000000f0c2e00000,0x000000f0c2f00000] [id=16368]
  0x000002b08c193000 ConcurrentGCThread "G1 Refine#7" [stack: 0x000000f0c2f00000,0x000000f0c3000000] [id=14276]
  0x000002b0b0099000 ConcurrentGCThread "G1 Young RemSet Sampling" [stack: 0x000000f0c3000000,0x000000f0c3100000] [id=15024]

Threads with active compile tasks:

VM state:at safepoint (normal execution)

VM Mutex/Monitor currently owned by a thread:  ([mutex/lock_event])
[0x000002b08c166ff0] Threads_lock - owner thread: 0x000002b0b33a6000

Heap address: 0x00000006c1c00000, size: 4068 MB, Compressed Oops mode: Zero based, Oop shift amount: 3
Narrow klass base: 0x0000000000000000, Narrow klass shift: 3
Compressed class space size: 1073741824 Address: 0x00000007c0000000

Heap:
 garbage-first heap   total 262144K, used 18432K [0x00000006c1c00000, 0x00000007c0000000)
  region size 1024K, 19 young (19456K), 0 survivors (0K)
 Metaspace       used 14237K, capacity 14754K, committed 15104K, reserved 1062912K
  class space    used 1523K, capacity 1723K, committed 1792K, reserved 1048576K
Heap Regions: E=young(eden), S=young(survivor), O=old, HS=humongous(starts), HC=humongous(continues), CS=collection set, F=free, A=archive, TS=gc time stamp, AC=allocation context, TAMS=top-at-mark-start (previous, next)
|   0|0x00000006c1c00000, 0x00000006c1c00000, 0x00000006c1d00000|  0%| F|  |TS  0|AC  0|TAMS 0x00000006c1c00000, 0x00000006c1c00000|
|   1|0x00000006c1d00000, 0x00000006c1d00000, 0x00000006c1e00000|  0%| F|  |TS  0|AC  0|TAMS 0x00000006c1d00000, 0x00000006c1d00000|
|   2|0x00000006c1e00000, 0x00000006c1e00000, 0x00000006c1f00000|  0%| F|  |TS  0|AC  0|TAMS 0x00000006c1e00000, 0x00000006c1e00000|
|   3|0x00000006c1f00000, 0x00000006c1f00000, 0x00000006c2000000|  0%| F|  |TS  0|AC  0|TAMS 0x00000006c1f00000, 0x00000006c1f00000|
|   4|0x00000006c2000000, 0x00000006c2000000, 0x00000006c2100000|  0%| F|  |TS  0|AC  0|TAMS 0x00000006c2000000, 0x00000006c2000000|
|   5|0x00000006c2100000, 0x00000006c2100000, 0x00000006c2200000|  0%| F|  |TS  0|AC  0|TAMS 0x00000006c2100000, 0x00000006c2100000|
|   6|0x00000006c2200000, 0x00000006c2200000, 0x00000006c2300000|  0%| F|  |TS  0|AC  0|TAMS 0x00000006c2200000, 0x00000006c2200000|
|   7|0x00000006c2300000, 0x00000006c2300000, 0x00000006c2400000|  0%| F|  |TS  0|AC  0|TAMS 0x00000006c2300000, 0x00000006c2300000|
|   8|0x00000006c2400000, 0x00000006c2400000, 0x00000006c2500000|  0%| F|  |TS  0|AC  0|TAMS 0x00000006c2400000, 0x00000006c2400000|
|   9|0x00000006c2500000, 0x00000006c2500000, 0x00000006c2600000|  0%| F|  |TS  0|AC  0|TAMS 0x00000006c2500000, 0x00000006c2500000|
|  10|0x00000006c2600000, 0x00000006c2600000, 0x00000006c2700000|  0%| F|  |TS  0|AC  0|TAMS 0x00000006c2600000, 0x00000006c2600000|
|  11|0x00000006c2700000, 0x00000006c2700000, 0x00000006c2800000|  0%| F|  |TS  0|AC  0|TAMS 0x00000006c2700000, 0x00000006c2700000|
|  12|0x00000006c2800000, 0x00000006c2800000, 0x00000006c2900000|  0%| F|  |TS  0|AC  0|TAMS 0x00000006c2800000, 0x00000006c2800000|
|  13|0x00000006c2900000, 0x00000006c2900000, 0x00000006c2a00000|  0%| F|  |TS  0|AC  0|TAMS 0x00000006c2900000, 0x00000006c2900000|
|  14|0x00000006c2a00000, 0x00000006c2a00000, 0x00000006c2b00000|  0%| F|  |TS  0|AC  0|TAMS 0x00000006c2a00000, 0x00000006c2a00000|
|  15|0x00000006c2b00000, 0x00000006c2b00000, 0x00000006c2c00000|  0%| F|  |TS  0|AC  0|TAMS 0x00000006c2b00000, 0x00000006c2b00000|
|  16|0x00000006c2c00000, 0x00000006c2c00000, 0x00000006c2d00000|  0%| F|  |TS  0|AC  0|TAMS 0x00000006c2c00000, 0x00000006c2c00000|
|  17|0x00000006c2d00000, 0x00000006c2d00000, 0x00000006c2e00000|  0%| F|  |TS  0|AC  0|TAMS 0x00000006c2d00000, 0x00000006c2d00000|
|  18|0x00000006c2e00000, 0x00000006c2e00000, 0x00000006c2f00000|  0%| F|  |TS  0|AC  0|TAMS 0x00000006c2e00000, 0x00000006c2e00000|
|  19|0x00000006c2f00000, 0x00000006c2f00000, 0x00000006c3000000|  0%| F|  |TS  0|AC  0|TAMS 0x00000006c2f00000, 0x00000006c2f00000|
|  20|0x00000006c3000000, 0x00000006c3000000, 0x00000006c3100000|  0%| F|  |TS  0|AC  0|TAMS 0x00000006c3000000, 0x00000006c3000000|
|  21|0x00000006c3100000, 0x00000006c3100000, 0x00000006c3200000|  0%| F|  |TS  0|AC  0|TAMS 0x00000006c3100000, 0x00000006c3100000|
|  22|0x00000006c3200000, 0x00000006c3200000, 0x00000006c3300000|  0%| F|  |TS  0|AC  0|TAMS 0x00000006c3200000, 0x00000006c3200000|
|  23|0x00000006c3300000, 0x00000006c3300000, 0x00000006c3400000|  0%| F|  |TS  0|AC  0|TAMS 0x00000006c3300000, 0x00000006c3300000|
|  24|0x00000006c3400000, 0x00000006c3400000, 0x00000006c3500000|  0%| F|  |TS  0|AC  0|TAMS 0x00000006c3400000, 0x00000006c3400000|
|  25|0x00000006c3500000, 0x00000006c3500000, 0x00000006c3600000|  0%| F|  |TS  0|AC  0|TAMS 0x00000006c3500000, 0x00000006c3500000|
|  26|0x00000006c3600000, 0x00000006c3600000, 0x00000006c3700000|  0%| F|  |TS  0|AC  0|TAMS 0x00000006c3600000, 0x00000006c3600000|
|  27|0x00000006c3700000, 0x00000006c3700000, 0x00000006c3800000|  0%| F|  |TS  0|AC  0|TAMS 0x00000006c3700000, 0x00000006c3700000|
|  28|0x00000006c3800000, 0x00000006c3800000, 0x00000006c3900000|  0%| F|  |TS  0|AC  0|TAMS 0x00000006c3800000, 0x00000006c3800000|
|  29|0x00000006c3900000, 0x00000006c3900000, 0x00000006c3a00000|  0%| F|  |TS  0|AC  0|TAMS 0x00000006c3900000, 0x00000006c3900000|
|  30|0x00000006c3a00000, 0x00000006c3a00000, 0x00000006c3b00000|  0%| F|  |TS  0|AC  0|TAMS 0x00000006c3a00000, 0x00000006c3a00000|
|  31|0x00000006c3b00000, 0x00000006c3b00000, 0x00000006c3c00000|  0%| F|  |TS  0|AC  0|TAMS 0x00000006c3b00000, 0x00000006c3b00000|
|  32|0x00000006c3c00000, 0x00000006c3c00000, 0x00000006c3d00000|  0%| F|  |TS  0|AC  0|TAMS 0x00000006c3c00000, 0x00000006c3c00000|
|  33|0x00000006c3d00000, 0x00000006c3d00000, 0x00000006c3e00000|  0%| F|  |TS  0|AC  0|TAMS 0x00000006c3d00000, 0x00000006c3d00000|
|  34|0x00000006c3e00000, 0x00000006c3e00000, 0x00000006c3f00000|  0%| F|  |TS  0|AC  0|TAMS 0x00000006c3e00000, 0x00000006c3e00000|
|  35|0x00000006c3f00000, 0x00000006c3f00000, 0x00000006c4000000|  0%| F|  |TS  0|AC  0|TAMS 0x00000006c3f00000, 0x00000006c3f00000|
|  36|0x00000006c4000000, 0x00000006c4000000, 0x00000006c4100000|  0%| F|  |TS  0|AC  0|TAMS 0x00000006c4000000, 0x00000006c4000000|
|  37|0x00000006c4100000, 0x00000006c4100000, 0x00000006c4200000|  0%| F|  |TS  0|AC  0|TAMS 0x00000006c4100000, 0x00000006c4100000|
|  38|0x00000006c4200000, 0x00000006c4200000, 0x00000006c4300000|  0%| F|  |TS  0|AC  0|TAMS 0x00000006c4200000, 0x00000006c4200000|
|  39|0x00000006c4300000, 0x00000006c4300000, 0x00000006c4400000|  0%| F|  |TS  0|AC  0|TAMS 0x00000006c4300000, 0x00000006c4300000|
|  40|0x00000006c4400000, 0x00000006c4400000, 0x00000006c4500000|  0%| F|  |TS  0|AC  0|TAMS 0x00000006c4400000, 0x00000006c4400000|
|  41|0x00000006c4500000, 0x00000006c4500000, 0x00000006c4600000|  0%| F|  |TS  0|AC  0|TAMS 0x00000006c4500000, 0x00000006c4500000|
|  42|0x00000006c4600000, 0x00000006c4600000, 0x00000006c4700000|  0%| F|  |TS  0|AC  0|TAMS 0x00000006c4600000, 0x00000006c4600000|
|  43|0x00000006c4700000, 0x00000006c4700000, 0x00000006c4800000|  0%| F|  |TS  0|AC  0|TAMS 0x00000006c4700000, 0x00000006c4700000|
|  44|0x00000006c4800000, 0x00000006c4800000, 0x00000006c4900000|  0%| F|  |TS  0|AC  0|TAMS 0x00000006c4800000, 0x00000006c4800000|
|  45|0x00000006c4900000, 0x00000006c4900000, 0x00000006c4a00000|  0%| F|  |TS  0|AC  0|TAMS 0x00000006c4900000, 0x00000006c4900000|
|  46|0x00000006c4a00000, 0x00000006c4a00000, 0x00000006c4b00000|  0%| F|  |TS  0|AC  0|TAMS 0x00000006c4a00000, 0x00000006c4a00000|
|  47|0x00000006c4b00000, 0x00000006c4b00000, 0x00000006c4c00000|  0%| F|  |TS  0|AC  0|TAMS 0x00000006c4b00000, 0x00000006c4b00000|
|  48|0x00000006c4c00000, 0x00000006c4c00000, 0x00000006c4d00000|  0%| F|  |TS  0|AC  0|TAMS 0x00000006c4c00000, 0x00000006c4c00000|
|  49|0x00000006c4d00000, 0x00000006c4d00000, 0x00000006c4e00000|  0%| F|  |TS  0|AC  0|TAMS 0x00000006c4d00000, 0x00000006c4d00000|
|  50|0x00000006c4e00000, 0x00000006c4e00000, 0x00000006c4f00000|  0%| F|  |TS  0|AC  0|TAMS 0x00000006c4e00000, 0x00000006c4e00000|
|  51|0x00000006c4f00000, 0x00000006c4f00000, 0x00000006c5000000|  0%| F|  |TS  0|AC  0|TAMS 0x00000006c4f00000, 0x00000006c4f00000|
|  52|0x00000006c5000000, 0x00000006c5000000, 0x00000006c5100000|  0%| F|  |TS  0|AC  0|TAMS 0x00000006c5000000, 0x00000006c5000000|
|  53|0x00000006c5100000, 0x00000006c5100000, 0x00000006c5200000|  0%| F|  |TS  0|AC  0|TAMS 0x00000006c5100000, 0x00000006c5100000|
|  54|0x00000006c5200000, 0x00000006c5200000, 0x00000006c5300000|  0%| F|  |TS  0|AC  0|TAMS 0x00000006c5200000, 0x00000006c5200000|
|  55|0x00000006c5300000, 0x00000006c5300000, 0x00000006c5400000|  0%| F|  |TS  0|AC  0|TAMS 0x00000006c5300000, 0x00000006c5300000|
|  56|0x00000006c5400000, 0x00000006c5400000, 0x00000006c5500000|  0%| F|  |TS  0|AC  0|TAMS 0x00000006c5400000, 0x00000006c5400000|
|  57|0x00000006c5500000, 0x00000006c5500000, 0x00000006c5600000|  0%| F|  |TS  0|AC  0|TAMS 0x00000006c5500000, 0x00000006c5500000|
|  58|0x00000006c5600000, 0x00000006c5600000, 0x00000006c5700000|  0%| F|  |TS  0|AC  0|TAMS 0x00000006c5600000, 0x00000006c5600000|
|  59|0x00000006c5700000, 0x00000006c5700000, 0x00000006c5800000|  0%| F|  |TS  0|AC  0|TAMS 0x00000006c5700000, 0x00000006c5700000|
|  60|0x00000006c5800000, 0x00000006c5800000, 0x00000006c5900000|  0%| F|  |TS  0|AC  0|TAMS 0x00000006c5800000, 0x00000006c5800000|
|  61|0x00000006c5900000, 0x00000006c5900000, 0x00000006c5a00000|  0%| F|  |TS  0|AC  0|TAMS 0x00000006c5900000, 0x00000006c5900000|
|  62|0x00000006c5a00000, 0x00000006c5a00000, 0x00000006c5b00000|  0%| F|  |TS  0|AC  0|TAMS 0x00000006c5a00000, 0x00000006c5a00000|
|  63|0x00000006c5b00000, 0x00000006c5b00000, 0x00000006c5c00000|  0%| F|  |TS  0|AC  0|TAMS 0x00000006c5b00000, 0x00000006c5b00000|
|  64|0x00000006c5c00000, 0x00000006c5c00000, 0x00000006c5d00000|  0%| F|  |TS  0|AC  0|TAMS 0x00000006c5c00000, 0x00000006c5c00000|
|  65|0x00000006c5d00000, 0x00000006c5d00000, 0x00000006c5e00000|  0%| F|  |TS  0|AC  0|TAMS 0x00000006c5d00000, 0x00000006c5d00000|
|  66|0x00000006c5e00000, 0x00000006c5e00000, 0x00000006c5f00000|  0%| F|  |TS  0|AC  0|TAMS 0x00000006c5e00000, 0x00000006c5e00000|
|  67|0x00000006c5f00000, 0x00000006c5f00000, 0x00000006c6000000|  0%| F|  |TS  0|AC  0|TAMS 0x00000006c5f00000, 0x00000006c5f00000|
|  68|0x00000006c6000000, 0x00000006c6000000, 0x00000006c6100000|  0%| F|  |TS  0|AC  0|TAMS 0x00000006c6000000, 0x00000006c6000000|
|  69|0x00000006c6100000, 0x00000006c6100000, 0x00000006c6200000|  0%| F|  |TS  0|AC  0|TAMS 0x00000006c6100000, 0x00000006c6100000|
|  70|0x00000006c6200000, 0x00000006c6200000, 0x00000006c6300000|  0%| F|  |TS  0|AC  0|TAMS 0x00000006c6200000, 0x00000006c6200000|
|  71|0x00000006c6300000, 0x00000006c6300000, 0x00000006c6400000|  0%| F|  |TS  0|AC  0|TAMS 0x00000006c6300000, 0x00000006c6300000|
|  72|0x00000006c6400000, 0x00000006c6400000, 0x00000006c6500000|  0%| F|  |TS  0|AC  0|TAMS 0x00000006c6400000, 0x00000006c6400000|
|  73|0x00000006c6500000, 0x00000006c6500000, 0x00000006c6600000|  0%| F|  |TS  0|AC  0|TAMS 0x00000006c6500000, 0x00000006c6500000|
|  74|0x00000006c6600000, 0x00000006c6600000, 0x00000006c6700000|  0%| F|  |TS  0|AC  0|TAMS 0x00000006c6600000, 0x00000006c6600000|
|  75|0x00000006c6700000, 0x00000006c6700000, 0x00000006c6800000|  0%| F|  |TS  0|AC  0|TAMS 0x00000006c6700000, 0x00000006c6700000|
|  76|0x00000006c6800000, 0x00000006c6800000, 0x00000006c6900000|  0%| F|  |TS  0|AC  0|TAMS 0x00000006c6800000, 0x00000006c6800000|
|  77|0x00000006c6900000, 0x00000006c6900000, 0x00000006c6a00000|  0%| F|  |TS  0|AC  0|TAMS 0x00000006c6900000, 0x00000006c6900000|
|  78|0x00000006c6a00000, 0x00000006c6a00000, 0x00000006c6b00000|  0%| F|  |TS  0|AC  0|TAMS 0x00000006c6a00000, 0x00000006c6a00000|
|  79|0x00000006c6b00000, 0x00000006c6b00000, 0x00000006c6c00000|  0%| F|  |TS  0|AC  0|TAMS 0x00000006c6b00000, 0x00000006c6b00000|
|  80|0x00000006c6c00000, 0x00000006c6c00000, 0x00000006c6d00000|  0%| F|  |TS  0|AC  0|TAMS 0x00000006c6c00000, 0x00000006c6c00000|
|  81|0x00000006c6d00000, 0x00000006c6d00000, 0x00000006c6e00000|  0%| F|  |TS  0|AC  0|TAMS 0x00000006c6d00000, 0x00000006c6d00000|
|  82|0x00000006c6e00000, 0x00000006c6e00000, 0x00000006c6f00000|  0%| F|  |TS  0|AC  0|TAMS 0x00000006c6e00000, 0x00000006c6e00000|
|  83|0x00000006c6f00000, 0x00000006c6f00000, 0x00000006c7000000|  0%| F|  |TS  0|AC  0|TAMS 0x00000006c6f00000, 0x00000006c6f00000|
|  84|0x00000006c7000000, 0x00000006c7000000, 0x00000006c7100000|  0%| F|  |TS  0|AC  0|TAMS 0x00000006c7000000, 0x00000006c7000000|
|  85|0x00000006c7100000, 0x00000006c7100000, 0x00000006c7200000|  0%| F|  |TS  0|AC  0|TAMS 0x00000006c7100000, 0x00000006c7100000|
|  86|0x00000006c7200000, 0x00000006c7200000, 0x00000006c7300000|  0%| F|  |TS  0|AC  0|TAMS 0x00000006c7200000, 0x00000006c7200000|
|  87|0x00000006c7300000, 0x00000006c7300000, 0x00000006c7400000|  0%| F|  |TS  0|AC  0|TAMS 0x00000006c7300000, 0x00000006c7300000|
|  88|0x00000006c7400000, 0x00000006c7400000, 0x00000006c7500000|  0%| F|  |TS  0|AC  0|TAMS 0x00000006c7400000, 0x00000006c7400000|
|  89|0x00000006c7500000, 0x00000006c7500000, 0x00000006c7600000|  0%| F|  |TS  0|AC  0|TAMS 0x00000006c7500000, 0x00000006c7500000|
|  90|0x00000006c7600000, 0x00000006c7600000, 0x00000006c7700000|  0%| F|  |TS  0|AC  0|TAMS 0x00000006c7600000, 0x00000006c7600000|
|  91|0x00000006c7700000, 0x00000006c7700000, 0x00000006c7800000|  0%| F|  |TS  0|AC  0|TAMS 0x00000006c7700000, 0x00000006c7700000|
|  92|0x00000006c7800000, 0x00000006c7800000, 0x00000006c7900000|  0%| F|  |TS  0|AC  0|TAMS 0x00000006c7800000, 0x00000006c7800000|
|  93|0x00000006c7900000, 0x00000006c7900000, 0x00000006c7a00000|  0%| F|  |TS  0|AC  0|TAMS 0x00000006c7900000, 0x00000006c7900000|
|  94|0x00000006c7a00000, 0x00000006c7a00000, 0x00000006c7b00000|  0%| F|  |TS  0|AC  0|TAMS 0x00000006c7a00000, 0x00000006c7a00000|
|  95|0x00000006c7b00000, 0x00000006c7b00000, 0x00000006c7c00000|  0%| F|  |TS  0|AC  0|TAMS 0x00000006c7b00000, 0x00000006c7b00000|
|  96|0x00000006c7c00000, 0x00000006c7c00000, 0x00000006c7d00000|  0%| F|  |TS  0|AC  0|TAMS 0x00000006c7c00000, 0x00000006c7c00000|
|  97|0x00000006c7d00000, 0x00000006c7d00000, 0x00000006c7e00000|  0%| F|  |TS  0|AC  0|TAMS 0x00000006c7d00000, 0x00000006c7d00000|
|  98|0x00000006c7e00000, 0x00000006c7e00000, 0x00000006c7f00000|  0%| F|  |TS  0|AC  0|TAMS 0x00000006c7e00000, 0x00000006c7e00000|
|  99|0x00000006c7f00000, 0x00000006c7f00000, 0x00000006c8000000|  0%| F|  |TS  0|AC  0|TAMS 0x00000006c7f00000, 0x00000006c7f00000|
| 100|0x00000006c8000000, 0x00000006c8000000, 0x00000006c8100000|  0%| F|  |TS  0|AC  0|TAMS 0x00000006c8000000, 0x00000006c8000000|
| 101|0x00000006c8100000, 0x00000006c8100000, 0x00000006c8200000|  0%| F|  |TS  0|AC  0|TAMS 0x00000006c8100000, 0x00000006c8100000|
| 102|0x00000006c8200000, 0x00000006c8200000, 0x00000006c8300000|  0%| F|  |TS  0|AC  0|TAMS 0x00000006c8200000, 0x00000006c8200000|
| 103|0x00000006c8300000, 0x00000006c8300000, 0x00000006c8400000|  0%| F|  |TS  0|AC  0|TAMS 0x00000006c8300000, 0x00000006c8300000|
| 104|0x00000006c8400000, 0x00000006c8400000, 0x00000006c8500000|  0%| F|  |TS  0|AC  0|TAMS 0x00000006c8400000, 0x00000006c8400000|
| 105|0x00000006c8500000, 0x00000006c8500000, 0x00000006c8600000|  0%| F|  |TS  0|AC  0|TAMS 0x00000006c8500000, 0x00000006c8500000|
| 106|0x00000006c8600000, 0x00000006c8600000, 0x00000006c8700000|  0%| F|  |TS  0|AC  0|TAMS 0x00000006c8600000, 0x00000006c8600000|
| 107|0x00000006c8700000, 0x00000006c8700000, 0x00000006c8800000|  0%| F|  |TS  0|AC  0|TAMS 0x00000006c8700000, 0x00000006c8700000|
| 108|0x00000006c8800000, 0x00000006c8800000, 0x00000006c8900000|  0%| F|  |TS  0|AC  0|TAMS 0x00000006c8800000, 0x00000006c8800000|
| 109|0x00000006c8900000, 0x00000006c8900000, 0x00000006c8a00000|  0%| F|  |TS  0|AC  0|TAMS 0x00000006c8900000, 0x00000006c8900000|
| 110|0x00000006c8a00000, 0x00000006c8a00000, 0x00000006c8b00000|  0%| F|  |TS  0|AC  0|TAMS 0x00000006c8a00000, 0x00000006c8a00000|
| 111|0x00000006c8b00000, 0x00000006c8b00000, 0x00000006c8c00000|  0%| F|  |TS  0|AC  0|TAMS 0x00000006c8b00000, 0x00000006c8b00000|
| 112|0x00000006c8c00000, 0x00000006c8c00000, 0x00000006c8d00000|  0%| F|  |TS  0|AC  0|TAMS 0x00000006c8c00000, 0x00000006c8c00000|
| 113|0x00000006c8d00000, 0x00000006c8d00000, 0x00000006c8e00000|  0%| F|  |TS  0|AC  0|TAMS 0x00000006c8d00000, 0x00000006c8d00000|
| 114|0x00000006c8e00000, 0x00000006c8e00000, 0x00000006c8f00000|  0%| F|  |TS  0|AC  0|TAMS 0x00000006c8e00000, 0x00000006c8e00000|
| 115|0x00000006c8f00000, 0x00000006c8f00000, 0x00000006c9000000|  0%| F|  |TS  0|AC  0|TAMS 0x00000006c8f00000, 0x00000006c8f00000|
| 116|0x00000006c9000000, 0x00000006c9000000, 0x00000006c9100000|  0%| F|  |TS  0|AC  0|TAMS 0x00000006c9000000, 0x00000006c9000000|
| 117|0x00000006c9100000, 0x00000006c9100000, 0x00000006c9200000|  0%| F|  |TS  0|AC  0|TAMS 0x00000006c9100000, 0x00000006c9100000|
| 118|0x00000006c9200000, 0x00000006c9200000, 0x00000006c9300000|  0%| F|  |TS  0|AC  0|TAMS 0x00000006c9200000, 0x00000006c9200000|
| 119|0x00000006c9300000, 0x00000006c9300000, 0x00000006c9400000|  0%| F|  |TS  0|AC  0|TAMS 0x00000006c9300000, 0x00000006c9300000|
| 120|0x00000006c9400000, 0x00000006c9400000, 0x00000006c9500000|  0%| F|  |TS  0|AC  0|TAMS 0x00000006c9400000, 0x00000006c9400000|
| 121|0x00000006c9500000, 0x00000006c9500000, 0x00000006c9600000|  0%| F|  |TS  0|AC  0|TAMS 0x00000006c9500000, 0x00000006c9500000|
| 122|0x00000006c9600000, 0x00000006c9600000, 0x00000006c9700000|  0%| F|  |TS  0|AC  0|TAMS 0x00000006c9600000, 0x00000006c9600000|
| 123|0x00000006c9700000, 0x00000006c9700000, 0x00000006c9800000|  0%| F|  |TS  0|AC  0|TAMS 0x00000006c9700000, 0x00000006c9700000|
| 124|0x00000006c9800000, 0x00000006c9800000, 0x00000006c9900000|  0%| F|  |TS  0|AC  0|TAMS 0x00000006c9800000, 0x00000006c9800000|
| 125|0x00000006c9900000, 0x00000006c9900000, 0x00000006c9a00000|  0%| F|  |TS  0|AC  0|TAMS 0x00000006c9900000, 0x00000006c9900000|
| 126|0x00000006c9a00000, 0x00000006c9a00000, 0x00000006c9b00000|  0%| F|  |TS  0|AC  0|TAMS 0x00000006c9a00000, 0x00000006c9a00000|
| 127|0x00000006c9b00000, 0x00000006c9b00000, 0x00000006c9c00000|  0%| F|  |TS  0|AC  0|TAMS 0x00000006c9b00000, 0x00000006c9b00000|
| 128|0x00000006c9c00000, 0x00000006c9c00000, 0x00000006c9d00000|  0%| F|  |TS  0|AC  0|TAMS 0x00000006c9c00000, 0x00000006c9c00000|
| 129|0x00000006c9d00000, 0x00000006c9d00000, 0x00000006c9e00000|  0%| F|  |TS  0|AC  0|TAMS 0x00000006c9d00000, 0x00000006c9d00000|
| 130|0x00000006c9e00000, 0x00000006c9e00000, 0x00000006c9f00000|  0%| F|  |TS  0|AC  0|TAMS 0x00000006c9e00000, 0x00000006c9e00000|
| 131|0x00000006c9f00000, 0x00000006c9f00000, 0x00000006ca000000|  0%| F|  |TS  0|AC  0|TAMS 0x00000006c9f00000, 0x00000006c9f00000|
| 132|0x00000006ca000000, 0x00000006ca000000, 0x00000006ca100000|  0%| F|  |TS  0|AC  0|TAMS 0x00000006ca000000, 0x00000006ca000000|
| 133|0x00000006ca100000, 0x00000006ca100000, 0x00000006ca200000|  0%| F|  |TS  0|AC  0|TAMS 0x00000006ca100000, 0x00000006ca100000|
| 134|0x00000006ca200000, 0x00000006ca200000, 0x00000006ca300000|  0%| F|  |TS  0|AC  0|TAMS 0x00000006ca200000, 0x00000006ca200000|
| 135|0x00000006ca300000, 0x00000006ca300000, 0x00000006ca400000|  0%| F|  |TS  0|AC  0|TAMS 0x00000006ca300000, 0x00000006ca300000|
| 136|0x00000006ca400000, 0x00000006ca400000, 0x00000006ca500000|  0%| F|  |TS  0|AC  0|TAMS 0x00000006ca400000, 0x00000006ca400000|
| 137|0x00000006ca500000, 0x00000006ca500000, 0x00000006ca600000|  0%| F|  |TS  0|AC  0|TAMS 0x00000006ca500000, 0x00000006ca500000|
| 138|0x00000006ca600000, 0x00000006ca600000, 0x00000006ca700000|  0%| F|  |TS  0|AC  0|TAMS 0x00000006ca600000, 0x00000006ca600000|
| 139|0x00000006ca700000, 0x00000006ca700000, 0x00000006ca800000|  0%| F|  |TS  0|AC  0|TAMS 0x00000006ca700000, 0x00000006ca700000|
| 140|0x00000006ca800000, 0x00000006ca800000, 0x00000006ca900000|  0%| F|  |TS  0|AC  0|TAMS 0x00000006ca800000, 0x00000006ca800000|
| 141|0x00000006ca900000, 0x00000006ca900000, 0x00000006caa00000|  0%| F|  |TS  0|AC  0|TAMS 0x00000006ca900000, 0x00000006ca900000|
| 142|0x00000006caa00000, 0x00000006caa00000, 0x00000006cab00000|  0%| F|  |TS  0|AC  0|TAMS 0x00000006caa00000, 0x00000006caa00000|
| 143|0x00000006cab00000, 0x00000006cab00000, 0x00000006cac00000|  0%| F|  |TS  0|AC  0|TAMS 0x00000006cab00000, 0x00000006cab00000|
| 144|0x00000006cac00000, 0x00000006cac00000, 0x00000006cad00000|  0%| F|  |TS  0|AC  0|TAMS 0x00000006cac00000, 0x00000006cac00000|
| 145|0x00000006cad00000, 0x00000006cad00000, 0x00000006cae00000|  0%| F|  |TS  0|AC  0|TAMS 0x00000006cad00000, 0x00000006cad00000|
| 146|0x00000006cae00000, 0x00000006cae00000, 0x00000006caf00000|  0%| F|  |TS  0|AC  0|TAMS 0x00000006cae00000, 0x00000006cae00000|
| 147|0x00000006caf00000, 0x00000006caf00000, 0x00000006cb000000|  0%| F|  |TS  0|AC  0|TAMS 0x00000006caf00000, 0x00000006caf00000|
| 148|0x00000006cb000000, 0x00000006cb000000, 0x00000006cb100000|  0%| F|  |TS  0|AC  0|TAMS 0x00000006cb000000, 0x00000006cb000000|
| 149|0x00000006cb100000, 0x00000006cb100000, 0x00000006cb200000|  0%| F|  |TS  0|AC  0|TAMS 0x00000006cb100000, 0x00000006cb100000|
| 150|0x00000006cb200000, 0x00000006cb200000, 0x00000006cb300000|  0%| F|  |TS  0|AC  0|TAMS 0x00000006cb200000, 0x00000006cb200000|
| 151|0x00000006cb300000, 0x00000006cb300000, 0x00000006cb400000|  0%| F|  |TS  0|AC  0|TAMS 0x00000006cb300000, 0x00000006cb300000|
| 152|0x00000006cb400000, 0x00000006cb400000, 0x00000006cb500000|  0%| F|  |TS  0|AC  0|TAMS 0x00000006cb400000, 0x00000006cb400000|
| 153|0x00000006cb500000, 0x00000006cb500000, 0x00000006cb600000|  0%| F|  |TS  0|AC  0|TAMS 0x00000006cb500000, 0x00000006cb500000|
| 154|0x00000006cb600000, 0x00000006cb600000, 0x00000006cb700000|  0%| F|  |TS  0|AC  0|TAMS 0x00000006cb600000, 0x00000006cb600000|
| 155|0x00000006cb700000, 0x00000006cb700000, 0x00000006cb800000|  0%| F|  |TS  0|AC  0|TAMS 0x00000006cb700000, 0x00000006cb700000|
| 156|0x00000006cb800000, 0x00000006cb800000, 0x00000006cb900000|  0%| F|  |TS  0|AC  0|TAMS 0x00000006cb800000, 0x00000006cb800000|
| 157|0x00000006cb900000, 0x00000006cb900000, 0x00000006cba00000|  0%| F|  |TS  0|AC  0|TAMS 0x00000006cb900000, 0x00000006cb900000|
| 158|0x00000006cba00000, 0x00000006cba00000, 0x00000006cbb00000|  0%| F|  |TS  0|AC  0|TAMS 0x00000006cba00000, 0x00000006cba00000|
| 159|0x00000006cbb00000, 0x00000006cbb00000, 0x00000006cbc00000|  0%| F|  |TS  0|AC  0|TAMS 0x00000006cbb00000, 0x00000006cbb00000|
| 160|0x00000006cbc00000, 0x00000006cbc00000, 0x00000006cbd00000|  0%| F|  |TS  0|AC  0|TAMS 0x00000006cbc00000, 0x00000006cbc00000|
| 161|0x00000006cbd00000, 0x00000006cbd00000, 0x00000006cbe00000|  0%| F|  |TS  0|AC  0|TAMS 0x00000006cbd00000, 0x00000006cbd00000|
| 162|0x00000006cbe00000, 0x00000006cbe00000, 0x00000006cbf00000|  0%| F|  |TS  0|AC  0|TAMS 0x00000006cbe00000, 0x00000006cbe00000|
| 163|0x00000006cbf00000, 0x00000006cbf00000, 0x00000006cc000000|  0%| F|  |TS  0|AC  0|TAMS 0x00000006cbf00000, 0x00000006cbf00000|
| 164|0x00000006cc000000, 0x00000006cc000000, 0x00000006cc100000|  0%| F|  |TS  0|AC  0|TAMS 0x00000006cc000000, 0x00000006cc000000|
| 165|0x00000006cc100000, 0x00000006cc100000, 0x00000006cc200000|  0%| F|  |TS  0|AC  0|TAMS 0x00000006cc100000, 0x00000006cc100000|
| 166|0x00000006cc200000, 0x00000006cc200000, 0x00000006cc300000|  0%| F|  |TS  0|AC  0|TAMS 0x00000006cc200000, 0x00000006cc200000|
| 167|0x00000006cc300000, 0x00000006cc300000, 0x00000006cc400000|  0%| F|  |TS  0|AC  0|TAMS 0x00000006cc300000, 0x00000006cc300000|
| 168|0x00000006cc400000, 0x00000006cc400000, 0x00000006cc500000|  0%| F|  |TS  0|AC  0|TAMS 0x00000006cc400000, 0x00000006cc400000|
| 169|0x00000006cc500000, 0x00000006cc500000, 0x00000006cc600000|  0%| F|  |TS  0|AC  0|TAMS 0x00000006cc500000, 0x00000006cc500000|
| 170|0x00000006cc600000, 0x00000006cc600000, 0x00000006cc700000|  0%| F|  |TS  0|AC  0|TAMS 0x00000006cc600000, 0x00000006cc600000|
| 171|0x00000006cc700000, 0x00000006cc700000, 0x00000006cc800000|  0%| F|  |TS  0|AC  0|TAMS 0x00000006cc700000, 0x00000006cc700000|
| 172|0x00000006cc800000, 0x00000006cc800000, 0x00000006cc900000|  0%| F|  |TS  0|AC  0|TAMS 0x00000006cc800000, 0x00000006cc800000|
| 173|0x00000006cc900000, 0x00000006cc900000, 0x00000006cca00000|  0%| F|  |TS  0|AC  0|TAMS 0x00000006cc900000, 0x00000006cc900000|
| 174|0x00000006cca00000, 0x00000006cca00000, 0x00000006ccb00000|  0%| F|  |TS  0|AC  0|TAMS 0x00000006cca00000, 0x00000006cca00000|
| 175|0x00000006ccb00000, 0x00000006ccb00000, 0x00000006ccc00000|  0%| F|  |TS  0|AC  0|TAMS 0x00000006ccb00000, 0x00000006ccb00000|
| 176|0x00000006ccc00000, 0x00000006ccc00000, 0x00000006ccd00000|  0%| F|  |TS  0|AC  0|TAMS 0x00000006ccc00000, 0x00000006ccc00000|
| 177|0x00000006ccd00000, 0x00000006ccd00000, 0x00000006cce00000|  0%| F|  |TS  0|AC  0|TAMS 0x00000006ccd00000, 0x00000006ccd00000|
| 178|0x00000006cce00000, 0x00000006cce00000, 0x00000006ccf00000|  0%| F|  |TS  0|AC  0|TAMS 0x00000006cce00000, 0x00000006cce00000|
| 179|0x00000006ccf00000, 0x00000006ccf00000, 0x00000006cd000000|  0%| F|  |TS  0|AC  0|TAMS 0x00000006ccf00000, 0x00000006ccf00000|
| 180|0x00000006cd000000, 0x00000006cd000000, 0x00000006cd100000|  0%| F|  |TS  0|AC  0|TAMS 0x00000006cd000000, 0x00000006cd000000|
| 181|0x00000006cd100000, 0x00000006cd100000, 0x00000006cd200000|  0%| F|  |TS  0|AC  0|TAMS 0x00000006cd100000, 0x00000006cd100000|
| 182|0x00000006cd200000, 0x00000006cd200000, 0x00000006cd300000|  0%| F|  |TS  0|AC  0|TAMS 0x00000006cd200000, 0x00000006cd200000|
| 183|0x00000006cd300000, 0x00000006cd300000, 0x00000006cd400000|  0%| F|  |TS  0|AC  0|TAMS 0x00000006cd300000, 0x00000006cd300000|
| 184|0x00000006cd400000, 0x00000006cd400000, 0x00000006cd500000|  0%| F|  |TS  0|AC  0|TAMS 0x00000006cd400000, 0x00000006cd400000|
| 185|0x00000006cd500000, 0x00000006cd500000, 0x00000006cd600000|  0%| F|  |TS  0|AC  0|TAMS 0x00000006cd500000, 0x00000006cd500000|
| 186|0x00000006cd600000, 0x00000006cd600000, 0x00000006cd700000|  0%| F|  |TS  0|AC  0|TAMS 0x00000006cd600000, 0x00000006cd600000|
| 187|0x00000006cd700000, 0x00000006cd700000, 0x00000006cd800000|  0%| F|  |TS  0|AC  0|TAMS 0x00000006cd700000, 0x00000006cd700000|
| 188|0x00000006cd800000, 0x00000006cd800000, 0x00000006cd900000|  0%| F|  |TS  0|AC  0|TAMS 0x00000006cd800000, 0x00000006cd800000|
| 189|0x00000006cd900000, 0x00000006cd900000, 0x00000006cda00000|  0%| F|  |TS  0|AC  0|TAMS 0x00000006cd900000, 0x00000006cd900000|
| 190|0x00000006cda00000, 0x00000006cda00000, 0x00000006cdb00000|  0%| F|  |TS  0|AC  0|TAMS 0x00000006cda00000, 0x00000006cda00000|
| 191|0x00000006cdb00000, 0x00000006cdb00000, 0x00000006cdc00000|  0%| F|  |TS  0|AC  0|TAMS 0x00000006cdb00000, 0x00000006cdb00000|
| 192|0x00000006cdc00000, 0x00000006cdc00000, 0x00000006cdd00000|  0%| F|  |TS  0|AC  0|TAMS 0x00000006cdc00000, 0x00000006cdc00000|
| 193|0x00000006cdd00000, 0x00000006cdd00000, 0x00000006cde00000|  0%| F|  |TS  0|AC  0|TAMS 0x00000006cdd00000, 0x00000006cdd00000|
| 194|0x00000006cde00000, 0x00000006cde00000, 0x00000006cdf00000|  0%| F|  |TS  0|AC  0|TAMS 0x00000006cde00000, 0x00000006cde00000|
| 195|0x00000006cdf00000, 0x00000006cdf00000, 0x00000006ce000000|  0%| F|  |TS  0|AC  0|TAMS 0x00000006cdf00000, 0x00000006cdf00000|
| 196|0x00000006ce000000, 0x00000006ce000000, 0x00000006ce100000|  0%| F|  |TS  0|AC  0|TAMS 0x00000006ce000000, 0x00000006ce000000|
| 197|0x00000006ce100000, 0x00000006ce100000, 0x00000006ce200000|  0%| F|  |TS  0|AC  0|TAMS 0x00000006ce100000, 0x00000006ce100000|
| 198|0x00000006ce200000, 0x00000006ce200000, 0x00000006ce300000|  0%| F|  |TS  0|AC  0|TAMS 0x00000006ce200000, 0x00000006ce200000|
| 199|0x00000006ce300000, 0x00000006ce300000, 0x00000006ce400000|  0%| F|  |TS  0|AC  0|TAMS 0x00000006ce300000, 0x00000006ce300000|
| 200|0x00000006ce400000, 0x00000006ce400000, 0x00000006ce500000|  0%| F|  |TS  0|AC  0|TAMS 0x00000006ce400000, 0x00000006ce400000|
| 201|0x00000006ce500000, 0x00000006ce500000, 0x00000006ce600000|  0%| F|  |TS  0|AC  0|TAMS 0x00000006ce500000, 0x00000006ce500000|
| 202|0x00000006ce600000, 0x00000006ce600000, 0x00000006ce700000|  0%| F|  |TS  0|AC  0|TAMS 0x00000006ce600000, 0x00000006ce600000|
| 203|0x00000006ce700000, 0x00000006ce700000, 0x00000006ce800000|  0%| F|  |TS  0|AC  0|TAMS 0x00000006ce700000, 0x00000006ce700000|
| 204|0x00000006ce800000, 0x00000006ce800000, 0x00000006ce900000|  0%| F|  |TS  0|AC  0|TAMS 0x00000006ce800000, 0x00000006ce800000|
| 205|0x00000006ce900000, 0x00000006ce900000, 0x00000006cea00000|  0%| F|  |TS  0|AC  0|TAMS 0x00000006ce900000, 0x00000006ce900000|
| 206|0x00000006cea00000, 0x00000006cea00000, 0x00000006ceb00000|  0%| F|  |TS  0|AC  0|TAMS 0x00000006cea00000, 0x00000006cea00000|
| 207|0x00000006ceb00000, 0x00000006ceb00000, 0x00000006cec00000|  0%| F|  |TS  0|AC  0|TAMS 0x00000006ceb00000, 0x00000006ceb00000|
| 208|0x00000006cec00000, 0x00000006cec00000, 0x00000006ced00000|  0%| F|  |TS  0|AC  0|TAMS 0x00000006cec00000, 0x00000006cec00000|
| 209|0x00000006ced00000, 0x00000006ced00000, 0x00000006cee00000|  0%| F|  |TS  0|AC  0|TAMS 0x00000006ced00000, 0x00000006ced00000|
| 210|0x00000006cee00000, 0x00000006cee00000, 0x00000006cef00000|  0%| F|  |TS  0|AC  0|TAMS 0x00000006cee00000, 0x00000006cee00000|
| 211|0x00000006cef00000, 0x00000006cef00000, 0x00000006cf000000|  0%| F|  |TS  0|AC  0|TAMS 0x00000006cef00000, 0x00000006cef00000|
| 212|0x00000006cf000000, 0x00000006cf000000, 0x00000006cf100000|  0%| F|  |TS  0|AC  0|TAMS 0x00000006cf000000, 0x00000006cf000000|
| 213|0x00000006cf100000, 0x00000006cf100000, 0x00000006cf200000|  0%| F|  |TS  0|AC  0|TAMS 0x00000006cf100000, 0x00000006cf100000|
| 214|0x00000006cf200000, 0x00000006cf200000, 0x00000006cf300000|  0%| F|  |TS  0|AC  0|TAMS 0x00000006cf200000, 0x00000006cf200000|
| 215|0x00000006cf300000, 0x00000006cf300000, 0x00000006cf400000|  0%| F|  |TS  0|AC  0|TAMS 0x00000006cf300000, 0x00000006cf300000|
| 216|0x00000006cf400000, 0x00000006cf400000, 0x00000006cf500000|  0%| F|  |TS  0|AC  0|TAMS 0x00000006cf400000, 0x00000006cf400000|
| 217|0x00000006cf500000, 0x00000006cf500000, 0x00000006cf600000|  0%| F|  |TS  0|AC  0|TAMS 0x00000006cf500000, 0x00000006cf500000|
| 218|0x00000006cf600000, 0x00000006cf600000, 0x00000006cf700000|  0%| F|  |TS  0|AC  0|TAMS 0x00000006cf600000, 0x00000006cf600000|
| 219|0x00000006cf700000, 0x00000006cf700000, 0x00000006cf800000|  0%| F|  |TS  0|AC  0|TAMS 0x00000006cf700000, 0x00000006cf700000|
| 220|0x00000006cf800000, 0x00000006cf800000, 0x00000006cf900000|  0%| F|  |TS  0|AC  0|TAMS 0x00000006cf800000, 0x00000006cf800000|
| 221|0x00000006cf900000, 0x00000006cf900000, 0x00000006cfa00000|  0%| F|  |TS  0|AC  0|TAMS 0x00000006cf900000, 0x00000006cf900000|
| 222|0x00000006cfa00000, 0x00000006cfa00000, 0x00000006cfb00000|  0%| F|  |TS  0|AC  0|TAMS 0x00000006cfa00000, 0x00000006cfa00000|
| 223|0x00000006cfb00000, 0x00000006cfb00000, 0x00000006cfc00000|  0%| F|  |TS  0|AC  0|TAMS 0x00000006cfb00000, 0x00000006cfb00000|
| 224|0x00000006cfc00000, 0x00000006cfc00000, 0x00000006cfd00000|  0%| F|  |TS  0|AC  0|TAMS 0x00000006cfc00000, 0x00000006cfc00000|
| 225|0x00000006cfd00000, 0x00000006cfd00000, 0x00000006cfe00000|  0%| F|  |TS  0|AC  0|TAMS 0x00000006cfd00000, 0x00000006cfd00000|
| 226|0x00000006cfe00000, 0x00000006cfe00000, 0x00000006cff00000|  0%| F|  |TS  0|AC  0|TAMS 0x00000006cfe00000, 0x00000006cfe00000|
| 227|0x00000006cff00000, 0x00000006cff00000, 0x00000006d0000000|  0%| F|  |TS  0|AC  0|TAMS 0x00000006cff00000, 0x00000006cff00000|
| 228|0x00000006d0000000, 0x00000006d0000000, 0x00000006d0100000|  0%| F|  |TS  0|AC  0|TAMS 0x00000006d0000000, 0x00000006d0000000|
| 229|0x00000006d0100000, 0x00000006d0100000, 0x00000006d0200000|  0%| F|  |TS  0|AC  0|TAMS 0x00000006d0100000, 0x00000006d0100000|
| 230|0x00000006d0200000, 0x00000006d0200000, 0x00000006d0300000|  0%| F|  |TS  0|AC  0|TAMS 0x00000006d0200000, 0x00000006d0200000|
| 231|0x00000006d0300000, 0x00000006d0300000, 0x00000006d0400000|  0%| F|  |TS  0|AC  0|TAMS 0x00000006d0300000, 0x00000006d0300000|
| 232|0x00000006d0400000, 0x00000006d0400000, 0x00000006d0500000|  0%| F|  |TS  0|AC  0|TAMS 0x00000006d0400000, 0x00000006d0400000|
| 233|0x00000006d0500000, 0x00000006d0500000, 0x00000006d0600000|  0%| F|  |TS  0|AC  0|TAMS 0x00000006d0500000, 0x00000006d0500000|
| 234|0x00000006d0600000, 0x00000006d0600000, 0x00000006d0700000|  0%| F|  |TS  0|AC  0|TAMS 0x00000006d0600000, 0x00000006d0600000|
| 235|0x00000006d0700000, 0x00000006d0700000, 0x00000006d0800000|  0%| F|  |TS  0|AC  0|TAMS 0x00000006d0700000, 0x00000006d0700000|
| 236|0x00000006d0800000, 0x00000006d0800000, 0x00000006d0900000|  0%| F|  |TS  0|AC  0|TAMS 0x00000006d0800000, 0x00000006d0800000|
| 237|0x00000006d0900000, 0x00000006d0a00000, 0x00000006d0a00000|100%| E|  |TS  0|AC  0|TAMS 0x00000006d0900000, 0x00000006d0900000|
| 238|0x00000006d0a00000, 0x00000006d0b00000, 0x00000006d0b00000|100%| E|CS|TS  0|AC  0|TAMS 0x00000006d0a00000, 0x00000006d0a00000|
| 239|0x00000006d0b00000, 0x00000006d0c00000, 0x00000006d0c00000|100%| E|CS|TS  0|AC  0|TAMS 0x00000006d0b00000, 0x00000006d0b00000|
| 240|0x00000006d0c00000, 0x00000006d0d00000, 0x00000006d0d00000|100%| E|CS|TS  0|AC  0|TAMS 0x00000006d0c00000, 0x00000006d0c00000|
| 241|0x00000006d0d00000, 0x00000006d0e00000, 0x00000006d0e00000|100%| E|CS|TS  0|AC  0|TAMS 0x00000006d0d00000, 0x00000006d0d00000|
| 242|0x00000006d0e00000, 0x00000006d0f00000, 0x00000006d0f00000|100%| E|CS|TS  0|AC  0|TAMS 0x00000006d0e00000, 0x00000006d0e00000|
| 243|0x00000006d0f00000, 0x00000006d1000000, 0x00000006d1000000|100%| E|CS|TS  0|AC  0|TAMS 0x00000006d0f00000, 0x00000006d0f00000|
| 244|0x00000006d1000000, 0x00000006d1100000, 0x00000006d1100000|100%| E|CS|TS  0|AC  0|TAMS 0x00000006d1000000, 0x00000006d1000000|
| 245|0x00000006d1100000, 0x00000006d1200000, 0x00000006d1200000|100%| E|CS|TS  0|AC  0|TAMS 0x00000006d1100000, 0x00000006d1100000|
| 246|0x00000006d1200000, 0x00000006d1300000, 0x00000006d1300000|100%| E|CS|TS  0|AC  0|TAMS 0x00000006d1200000, 0x00000006d1200000|
| 247|0x00000006d1300000, 0x00000006d1400000, 0x00000006d1400000|100%| E|CS|TS  0|AC  0|TAMS 0x00000006d1300000, 0x00000006d1300000|
| 248|0x00000006d1400000, 0x00000006d1500000, 0x00000006d1500000|100%| E|CS|TS  0|AC  0|TAMS 0x00000006d1400000, 0x00000006d1400000|
| 249|0x00000006d1500000, 0x00000006d1600000, 0x00000006d1600000|100%| E|CS|TS  0|AC  0|TAMS 0x00000006d1500000, 0x00000006d1500000|
| 250|0x00000006d1600000, 0x00000006d1700000, 0x00000006d1700000|100%| E|CS|TS  0|AC  0|TAMS 0x00000006d1600000, 0x00000006d1600000|
| 251|0x00000006d1700000, 0x00000006d1800000, 0x00000006d1800000|100%| E|CS|TS  0|AC  0|TAMS 0x00000006d1700000, 0x00000006d1700000|
| 252|0x00000006d1800000, 0x00000006d1900000, 0x00000006d1900000|100%| E|CS|TS  0|AC  0|TAMS 0x00000006d1800000, 0x00000006d1800000|
| 253|0x00000006d1900000, 0x00000006d1a00000, 0x00000006d1a00000|100%| E|CS|TS  0|AC  0|TAMS 0x00000006d1900000, 0x00000006d1900000|
| 254|0x00000006d1a00000, 0x00000006d1b00000, 0x00000006d1b00000|100%| E|CS|TS  0|AC  0|TAMS 0x00000006d1a00000, 0x00000006d1a00000|
| 255|0x00000006d1b00000, 0x00000006d1c00000, 0x00000006d1c00000|100%| E|CS|TS  0|AC  0|TAMS 0x00000006d1b00000, 0x00000006d1b00000|

Card table byte_map: [0x000002b0a7020000,0x000002b0a7820000] byte_map_base: 0x000002b0a3a12000

Marking Bits (Prev, Next): (CMBitMap*) 0x000002b0affc82e0, (CMBitMap*) 0x000002b0affc8318
 Prev Bits: [0x000002b0a8020000, 0x000002b0abfb0000)
 Next Bits: [0x000002b0abfb0000, 0x000002b0aff40000)

Polling page: 0x000002b089ee0000

CodeHeap 'non-profiled nmethods': size=120000Kb used=466Kb max_used=466Kb free=119534Kb
 bounds [0x000002b09efc0000, 0x000002b09f230000, 0x000002b0a64f0000]
CodeHeap 'profiled nmethods': size=120000Kb used=1729Kb max_used=1729Kb free=118270Kb
 bounds [0x000002b097a90000, 0x000002b097d00000, 0x000002b09efc0000]
CodeHeap 'non-nmethods': size=5760Kb used=1252Kb max_used=1271Kb free=4507Kb
 bounds [0x000002b0974f0000, 0x000002b097760000, 0x000002b097a90000]
 total_blobs=1771 nmethods=1030 adapters=437
 compilation: enabled

Compilation events (10 events):
Event: 1.811 Thread 0x000002b0b3422800 nmethod 988 0x000002b09f02ee90 code [0x000002b09f02f140, 0x000002b09f0308b0]
Event: 1.833 Thread 0x000002b0b341c000 nmethod 995 0x000002b09f031410 code [0x000002b09f031680, 0x000002b09f033650]
Event: 10.665 Thread 0x000002b0b3426800 1027       3       java.util.concurrent.atomic.AtomicBoolean::get (13 bytes)
Event: 10.665 Thread 0x000002b0b3426800 nmethod 1027 0x000002b097c3df90 code [0x000002b097c3e140, 0x000002b097c3e2f8]
Event: 19.176 Thread 0x000002b0b3426800 1028       1       com.sun.javafx.tk.quantum.PaintCollector::hasDirty (5 bytes)
Event: 19.176 Thread 0x000002b0b3426800 nmethod 1028 0x000002b09f034490 code [0x000002b09f034640, 0x000002b09f034758]
Event: 113.614 Thread 0x000002b0b3426800 1029       3       com.sun.javafx.tk.quantum.QuantumToolkit$$Lambda$51/1244528740::run (8 bytes)
Event: 113.614 Thread 0x000002b0b3426800 nmethod 1029 0x000002b097c3e390 code [0x000002b097c3e580, 0x000002b097c3e970]
Event: 150.043 Thread 0x000002b0b3426800 1030       3       com.sun.javafx.tk.quantum.QuantumToolkit::postPulse (106 bytes)
Event: 150.044 Thread 0x000002b0b3426800 nmethod 1030 0x000002b097c3eb90 code [0x000002b097c3eec0, 0x000002b097c400e0]

GC Heap History (0 events):
No events

Deoptimization events (10 events):
Event: 0.564 Thread 0x000002b08c169000 Uncommon trap: reason=unstable_if action=reinterpret pc=0x000002b09efc4904 method=java.lang.String.hashCode()I @ 14 c2
Event: 1.023 Thread 0x000002b0b40de800 Uncommon trap: reason=unstable_if action=reinterpret pc=0x000002b09efe6888 method=java.lang.StringLatin1.indexOf([BI[BII)I @ 80 c2
Event: 1.114 Thread 0x000002b08c169000 Uncommon trap: reason=unstable_if action=reinterpret pc=0x000002b09eff8320 method=jdk.internal.org.objectweb.asm.Type.getArgumentsAndReturnSizes(Ljava/lang/String;)I @ 88 c2
Event: 1.148 Thread 0x000002b0b40de800 Uncommon trap: reason=unstable_if action=reinterpret pc=0x000002b09efd9304 method=java.nio.Buffer.hasRemaining()Z @ 8 c2
Event: 1.187 Thread 0x000002b0b40de800 Uncommon trap: reason=unstable_if action=reinterpret pc=0x000002b09efcd4f4 method=java.util.HashMap.putVal(ILjava/lang/Object;Ljava/lang/Object;ZZ)Ljava/lang/Object; @ 69 c2
Event: 1.408 Thread 0x000002b0b40de800 Uncommon trap: reason=unstable_if action=reinterpret pc=0x000002b09f016ce0 method=jdk.internal.org.objectweb.asm.Frame.execute(IILjdk/internal/org/objectweb/asm/ClassWriter;Ljdk/internal/org/objectweb/asm/Item;)V @ 2219 c2
Event: 1.411 Thread 0x000002b0b40de800 Uncommon trap: reason=class_check action=maybe_recompile pc=0x000002b09effc2f8 method=java.util.HashMap.getNode(ILjava/lang/Object;)Ljava/util/HashMap$Node; @ 126 c2
Event: 1.411 Thread 0x000002b0b40de800 Uncommon trap: reason=class_check action=maybe_recompile pc=0x000002b09effc244 method=java.util.HashMap.getNode(ILjava/lang/Object;)Ljava/util/HashMap$Node; @ 59 c2
Event: 1.411 Thread 0x000002b0b40de800 Uncommon trap: reason=class_check action=maybe_recompile pc=0x000002b09effc2f8 method=java.util.HashMap.getNode(ILjava/lang/Object;)Ljava/util/HashMap$Node; @ 126 c2
Event: 1.411 Thread 0x000002b0b40de800 Uncommon trap: reason=class_check action=maybe_recompile pc=0x000002b09effc244 method=java.util.HashMap.getNode(ILjava/lang/Object;)Ljava/util/HashMap$Node; @ 59 c2

Classes redefined (2 events):
Event: 113.576 Thread 0x000002b0b33a6000 redefined class name=sample.Controller, count=1
Event: 178.408 Thread 0x000002b0b33a6000 redefined class name=sample.Controller, count=2

Internal exceptions (10 events):
Event: 1.408 Thread 0x000002b0b40de800 Exception <a 'java/lang/NoSuchMethodError'{0x00000006d0ccc460}: java.lang.Object.of([Ljava/lang/Object;)Ljava/util/stream/Stream;> (0x00000006d0ccc460) thrown at [t:/workspace/open/src/hotspot/share/interpreter/linkResolver.cpp, line 741]
Event: 1.441 Thread 0x000002b0b40de800 Exception <a 'java/lang/NoSuchMethodError'{0x00000006d0a28ae8}: java.lang.invoke.DelegatingMethodHandle$Holder.reinvoke_L(Ljava/lang/Object;Ljava/lang/Object;ILjava/lang/Object;)Ljava/lang/Object;> (0x00000006d0a28ae8) thrown at [t:/workspace/open/src/hot
Event: 1.779 Thread 0x000002b0b40de800 Exception <a 'java/lang/NoSuchMethodError'{0x00000006d093baa0}: java.lang.invoke.DirectMethodHandle$Holder.invokeSpecial(Ljava/lang/Object;Ljava/lang/Object;IIILjava/lang/Object;Ljava/lang/Object;Ljava/lang/Object;)Ljava/lang/Object;> (0x00000006d093baa0)
Event: 1.780 Thread 0x000002b0b40de800 Exception <a 'java/lang/NoSuchMethodError'{0x00000006d093f258}: java.lang.invoke.DelegatingMethodHandle$Holder.reinvoke_L(Ljava/lang/Object;IIILjava/lang/Object;Ljava/lang/Object;Ljava/lang/Object;)Ljava/lang/Object;> (0x00000006d093f258) thrown at [t:/wo
Event: 1.781 Thread 0x000002b0b40de800 Exception <a 'java/lang/NoSuchMethodError'{0x00000006d09478c0}: java.lang.invoke.DirectMethodHandle$Holder.invokeStatic(Ljava/lang/Object;Ljava/lang/Object;Ljava/lang/Object;Ljava/lang/Object;Ljava/lang/Object;I)Ljava/lang/Object;> (0x00000006d09478c0) th
Event: 1.783 Thread 0x000002b0b40de800 Exception <a 'java/lang/NoSuchMethodError'{0x00000006d095ec48}: method resolution failed> (0x00000006d095ec48) thrown at [t:/workspace/open/src/hotspot/share/prims/methodHandles.cpp, line 1226]
Event: 1.785 Thread 0x000002b0b40de800 Exception <a 'java/lang/NoSuchMethodError'{0x00000006d09772d0}: method resolution failed> (0x00000006d09772d0) thrown at [t:/workspace/open/src/hotspot/share/prims/methodHandles.cpp, line 1226]
Event: 1.788 Thread 0x000002b0b40de800 Exception <a 'java/lang/NoSuchMethodError'{0x00000006d09923b8}: method resolution failed> (0x00000006d09923b8) thrown at [t:/workspace/open/src/hotspot/share/prims/methodHandles.cpp, line 1226]
Event: 1.790 Thread 0x000002b0b40de800 Exception <a 'java/lang/NoSuchMethodError'{0x00000006d09aefa8}: method resolution failed> (0x00000006d09aefa8) thrown at [t:/workspace/open/src/hotspot/share/prims/methodHandles.cpp, line 1226]
Event: 1.791 Thread 0x000002b0b40de800 Exception <a 'java/lang/NoSuchMethodError'{0x00000006d09ba198}: method resolution failed> (0x00000006d09ba198) thrown at [t:/workspace/open/src/hotspot/share/prims/methodHandles.cpp, line 1226]

Events (10 events):
Event: 178.446 Executing VM operation: GetFrameLocation done
Event: 178.449 Executing VM operation: GetFrameCount
Event: 178.449 Executing VM operation: GetFrameCount done
Event: 178.449 Executing VM operation: GetFrameLocation
Event: 178.449 Executing VM operation: GetFrameLocation done
Event: 178.450 Executing VM operation: GetFrameLocation
Event: 178.450 Executing VM operation: GetFrameLocation done
Event: 178.450 Executing VM operation: GetOrSetLocal
Event: 178.450 Executing VM operation: GetOrSetLocal done
Event: 178.452 Executing VM operation: GetOrSetLocal


Dynamic libraries:
0x00007ff7bd260000 - 0x00007ff7bd29e000 	E:\Java\jdk-10.0.1\bin\java.exe
0x00007ffeedb80000 - 0x00007ffeedd61000 	C:\WINDOWS\SYSTEM32\ntdll.dll
0x00007ffebfc90000 - 0x00007ffebfca4000 	C:\Program Files\AVAST Software\Avast\x64\aswhooka.dll
0x00007ffeed960000 - 0x00007ffeeda12000 	C:\WINDOWS\System32\KERNEL32.DLL
0x00007ffeea2b0000 - 0x00007ffeea523000 	C:\WINDOWS\System32\KERNELBASE.dll
0x00007ffeeb100000 - 0x00007ffeeb1a1000 	C:\WINDOWS\System32\ADVAPI32.dll
0x00007ffeeb5d0000 - 0x00007ffeeb66e000 	C:\WINDOWS\System32\msvcrt.dll
0x00007ffeed860000 - 0x00007ffeed8bb000 	C:\WINDOWS\System32\sechost.dll
0x00007ffeeda20000 - 0x00007ffeedb44000 	C:\WINDOWS\System32\RPCRT4.dll
0x00007ffeed150000 - 0x00007ffeed2e0000 	C:\WINDOWS\System32\USER32.dll
0x00007ffee9ff0000 - 0x00007ffeea010000 	C:\WINDOWS\System32\win32u.dll
0x00007ffeeb1b0000 - 0x00007ffeeb1d8000 	C:\WINDOWS\System32\GDI32.dll
0x00007ffeeae70000 - 0x00007ffeeb002000 	C:\WINDOWS\System32\gdi32full.dll
0x00007ffee9f50000 - 0x00007ffee9fef000 	C:\WINDOWS\System32\msvcp_win.dll
0x00007ffeead70000 - 0x00007ffeeae6a000 	C:\WINDOWS\System32\ucrtbase.dll
0x00007ffede150000 - 0x00007ffede3b9000 	C:\WINDOWS\WinSxS\amd64_microsoft.windows.common-controls_6595b64144ccf1df_6.0.17134.407_none_fb449d63306391e9\COMCTL32.dll
0x00007ffeeb240000 - 0x00007ffeeb562000 	C:\WINDOWS\System32\combase.dll
0x00007ffeeac40000 - 0x00007ffeeacba000 	C:\WINDOWS\System32\bcryptPrimitives.dll
0x00007ffee1520000 - 0x00007ffee152a000 	C:\WINDOWS\SYSTEM32\VERSION.dll
0x00007ffeed120000 - 0x00007ffeed14d000 	C:\WINDOWS\System32\IMM32.DLL
0x00007ffec7c60000 - 0x00007ffec7d4f000 	E:\Java\jdk-10.0.1\bin\msvcr120.dll
0x00007ffecfc30000 - 0x00007ffecfcd6000 	E:\Java\jdk-10.0.1\bin\msvcp120.dll
0x000000006cfa0000 - 0x000000006da10000 	E:\Java\jdk-10.0.1\bin\server\jvm.dll
0x00007ffeeb010000 - 0x00007ffeeb018000 	C:\WINDOWS\System32\PSAPI.DLL
0x00007ffee0fb0000 - 0x00007ffee0fb9000 	C:\WINDOWS\SYSTEM32\WSOCK32.dll
0x00007ffeed0b0000 - 0x00007ffeed11c000 	C:\WINDOWS\System32\WS2_32.dll
0x00007ffede860000 - 0x00007ffede883000 	C:\WINDOWS\SYSTEM32\WINMM.dll
0x00007ffede830000 - 0x00007ffede85a000 	C:\WINDOWS\SYSTEM32\WINMMBASE.dll
0x00007ffeead20000 - 0x00007ffeead69000 	C:\WINDOWS\System32\cfgmgr32.dll
0x00007ffee6470000 - 0x00007ffee647f000 	E:\Java\jdk-10.0.1\bin\verify.dll
0x00007ffee88e0000 - 0x00007ffee8aa9000 	C:\WINDOWS\SYSTEM32\DBGHELP.DLL
0x00007ffee05d0000 - 0x00007ffee05f9000 	C:\WINDOWS\SYSTEM32\dbgcore.DLL
0x00007ffee5030000 - 0x00007ffee5057000 	E:\Java\jdk-10.0.1\bin\java.dll
0x00007ffed8520000 - 0x00007ffed8556000 	E:\Java\jdk-10.0.1\bin\jdwp.dll
0x00007ffee4730000 - 0x00007ffee475a000 	E:\Java\jdk-10.0.1\bin\instrument.dll
0x00007ffee5010000 - 0x00007ffee5026000 	E:\Java\jdk-10.0.1\bin\zip.dll
0x00007ffee4d90000 - 0x00007ffee4d9a000 	E:\Java\jdk-10.0.1\bin\jimage.dll
0x00007ffeeb970000 - 0x00007ffeecdaf000 	C:\WINDOWS\System32\SHELL32.dll
0x00007ffeed750000 - 0x00007ffeed7f9000 	C:\WINDOWS\System32\shcore.dll
0x00007ffeea530000 - 0x00007ffeeac3d000 	C:\WINDOWS\System32\windows.storage.dll
0x00007ffeed800000 - 0x00007ffeed851000 	C:\WINDOWS\System32\shlwapi.dll
0x00007ffee9f30000 - 0x00007ffee9f41000 	C:\WINDOWS\System32\kernel.appcore.dll
0x00007ffee9ee0000 - 0x00007ffee9eff000 	C:\WINDOWS\System32\profapi.dll
0x00007ffee9e90000 - 0x00007ffee9edc000 	C:\WINDOWS\System32\powrprof.dll
0x00007ffee9f00000 - 0x00007ffee9f0a000 	C:\WINDOWS\System32\FLTLIB.DLL
0x00007ffee6500000 - 0x00007ffee650a000 	E:\Java\jdk-10.0.1\bin\dt_socket.dll
0x00007ffee9710000 - 0x00007ffee9776000 	C:\WINDOWS\system32\mswsock.dll
0x00007ffed88a0000 - 0x00007ffed88ba000 	E:\Java\jdk-10.0.1\bin\net.dll
0x00007ffee4260000 - 0x00007ffee433c000 	C:\WINDOWS\SYSTEM32\WINHTTP.dll
0x00007ffed8210000 - 0x00007ffed8221000 	E:\Java\jdk-10.0.1\bin\nio.dll
0x000002b08a150000 - 0x000002b08a153000 	E:\Java\jdk-10.0.1\bin\api-ms-win-core-console-l1-1-0.dll
0x000002b08a160000 - 0x000002b08a163000 	E:\Java\jdk-10.0.1\bin\api-ms-win-core-datetime-l1-1-0.dll
0x000002b08a170000 - 0x000002b08a173000 	E:\Java\jdk-10.0.1\bin\api-ms-win-core-debug-l1-1-0.dll
0x000002b08a180000 - 0x000002b08a183000 	E:\Java\jdk-10.0.1\bin\api-ms-win-core-errorhandling-l1-1-0.dll
0x000002b08c070000 - 0x000002b08c074000 	E:\Java\jdk-10.0.1\bin\api-ms-win-core-file-l1-1-0.dll
0x000002b08c080000 - 0x000002b08c083000 	E:\Java\jdk-10.0.1\bin\api-ms-win-core-file-l1-2-0.dll
0x000002b08c090000 - 0x000002b08c093000 	E:\Java\jdk-10.0.1\bin\api-ms-win-core-file-l2-1-0.dll
0x000002b08c0a0000 - 0x000002b08c0a3000 	E:\Java\jdk-10.0.1\bin\api-ms-win-core-handle-l1-1-0.dll
0x000002b08c0b0000 - 0x000002b08c0b3000 	E:\Java\jdk-10.0.1\bin\api-ms-win-core-heap-l1-1-0.dll
0x000002b08c0c0000 - 0x000002b08c0c3000 	E:\Java\jdk-10.0.1\bin\api-ms-win-core-interlocked-l1-1-0.dll
0x000002b08c0d0000 - 0x000002b08c0d3000 	E:\Java\jdk-10.0.1\bin\api-ms-win-core-libraryloader-l1-1-0.dll
0x000002b08c0e0000 - 0x000002b08c0e3000 	E:\Java\jdk-10.0.1\bin\api-ms-win-core-localization-l1-2-0.dll
0x000002b08c0f0000 - 0x000002b08c0f3000 	E:\Java\jdk-10.0.1\bin\api-ms-win-core-memory-l1-1-0.dll
0x000002b08c100000 - 0x000002b08c103000 	E:\Java\jdk-10.0.1\bin\api-ms-win-core-namedpipe-l1-1-0.dll
0x000002b08c110000 - 0x000002b08c113000 	E:\Java\jdk-10.0.1\bin\api-ms-win-core-processenvironment-l1-1-0.dll
0x000002b08c120000 - 0x000002b08c123000 	E:\Java\jdk-10.0.1\bin\api-ms-win-core-processthreads-l1-1-0.dll
0x000002b08c130000 - 0x000002b08c133000 	E:\Java\jdk-10.0.1\bin\api-ms-win-core-processthreads-l1-1-1.dll
0x000002b0b40f0000 - 0x000002b0b40f3000 	E:\Java\jdk-10.0.1\bin\api-ms-win-core-profile-l1-1-0.dll
0x000002b0b4100000 - 0x000002b0b4103000 	E:\Java\jdk-10.0.1\bin\api-ms-win-core-rtlsupport-l1-1-0.dll
0x000002b0b4110000 - 0x000002b0b4113000 	E:\Java\jdk-10.0.1\bin\api-ms-win-core-string-l1-1-0.dll
0x000002b0b4120000 - 0x000002b0b4123000 	E:\Java\jdk-10.0.1\bin\api-ms-win-core-synch-l1-1-0.dll
0x000002b0b4130000 - 0x000002b0b4133000 	E:\Java\jdk-10.0.1\bin\api-ms-win-core-synch-l1-2-0.dll
0x000002b0b4140000 - 0x000002b0b4143000 	E:\Java\jdk-10.0.1\bin\api-ms-win-core-sysinfo-l1-1-0.dll
0x000002b0b4150000 - 0x000002b0b4153000 	E:\Java\jdk-10.0.1\bin\api-ms-win-core-timezone-l1-1-0.dll
0x000002b0b4160000 - 0x000002b0b4163000 	E:\Java\jdk-10.0.1\bin\api-ms-win-core-util-l1-1-0.dll
0x000002b0b4170000 - 0x000002b0b4173000 	E:\Java\jdk-10.0.1\bin\api-ms-win-crt-conio-l1-1-0.dll
0x000002b0b4180000 - 0x000002b0b4184000 	E:\Java\jdk-10.0.1\bin\api-ms-win-crt-convert-l1-1-0.dll
0x000002b0b4190000 - 0x000002b0b4193000 	E:\Java\jdk-10.0.1\bin\api-ms-win-crt-environment-l1-1-0.dll
0x000002b0b41a0000 - 0x000002b0b41a3000 	E:\Java\jdk-10.0.1\bin\api-ms-win-crt-filesystem-l1-1-0.dll
0x000002b0b41b0000 - 0x000002b0b41b3000 	E:\Java\jdk-10.0.1\bin\api-ms-win-crt-heap-l1-1-0.dll
0x000002b0b41c0000 - 0x000002b0b41c3000 	E:\Java\jdk-10.0.1\bin\api-ms-win-crt-locale-l1-1-0.dll
0x000002b0b41d0000 - 0x000002b0b41d5000 	E:\Java\jdk-10.0.1\bin\api-ms-win-crt-math-l1-1-0.dll
0x000002b0b41e0000 - 0x000002b0b41e5000 	E:\Java\jdk-10.0.1\bin\api-ms-win-crt-multibyte-l1-1-0.dll
0x000002b0b41f0000 - 0x000002b0b4200000 	E:\Java\jdk-10.0.1\bin\api-ms-win-crt-private-l1-1-0.dll
0x000002b0b4200000 - 0x000002b0b4203000 	E:\Java\jdk-10.0.1\bin\api-ms-win-crt-process-l1-1-0.dll
0x000002b0b4210000 - 0x000002b0b4214000 	E:\Java\jdk-10.0.1\bin\api-ms-win-crt-runtime-l1-1-0.dll
0x000002b0b4220000 - 0x000002b0b4224000 	E:\Java\jdk-10.0.1\bin\api-ms-win-crt-stdio-l1-1-0.dll
0x000002b0b4230000 - 0x000002b0b4234000 	E:\Java\jdk-10.0.1\bin\api-ms-win-crt-string-l1-1-0.dll
0x000002b0b4240000 - 0x000002b0b4243000 	E:\Java\jdk-10.0.1\bin\api-ms-win-crt-time-l1-1-0.dll
0x000002b0b4250000 - 0x000002b0b4253000 	E:\Java\jdk-10.0.1\bin\api-ms-win-crt-utility-l1-1-0.dll
0x00007ffed8420000 - 0x00007ffed8516000 	E:\Java\jdk-10.0.1\bin\ucrtbase.dll
0x00007ffee45f0000 - 0x00007ffee4606000 	E:\Java\jdk-10.0.1\bin\vcruntime140.dll
0x00007ffed8380000 - 0x00007ffed841c000 	E:\Java\jdk-10.0.1\bin\msvcp140.dll
0x00007ffed8320000 - 0x00007ffed8371000 	E:\Java\jdk-10.0.1\bin\concrt140.dll
0x00007ffed82f0000 - 0x00007ffed8313000 	E:\Java\jdk-10.0.1\bin\prism_d3d.dll
0x00007ffec7980000 - 0x00007ffec7b17000 	C:\WINDOWS\system32\d3d9.dll
0x00007ffee8290000 - 0x00007ffee82b9000 	C:\WINDOWS\SYSTEM32\dwmapi.dll
0x00007ffee81c0000 - 0x00007ffee8258000 	C:\WINDOWS\system32\uxtheme.dll
0x00007ffeae230000 - 0x00007ffeb1e55000 	C:\WINDOWS\System32\DriverStore\FileRepository\igdlh64.inf_amd64_0d8b06fa651db23a\igdumdim64.dll
0x00007ffeeb020000 - 0x00007ffeeb0e2000 	C:\WINDOWS\System32\OLEAUT32.dll
0x00007ffeeb810000 - 0x00007ffeeb961000 	C:\WINDOWS\System32\ole32.dll
0x00007ffeed2e0000 - 0x00007ffeed72b000 	C:\WINDOWS\System32\SETUPAPI.dll
0x00007ffed7800000 - 0x00007ffed784a000 	E:\Java\jdk-10.0.1\bin\glass.dll
0x00007ffeecf30000 - 0x00007ffeed01d000 	C:\WINDOWS\System32\COMDLG32.dll
0x00007ffeecdb0000 - 0x00007ffeecf23000 	C:\WINDOWS\System32\MSCTF.dll
0x00007ffedb4d0000 - 0x00007ffedcace000 	C:\WINDOWS\System32\DriverStore\FileRepository\igdlh64.inf_amd64_0d8b06fa651db23a\igc64.dll

dbghelp: loaded successfully - version: 4.0.5 - missing functions: none
symbol engine: initialized successfully - sym options: 0x614 - pdb path: .;E:\Java\jdk-10.0.1\bin;C:\WINDOWS\SYSTEM32;C:\Program Files\AVAST Software\Avast\x64;C:\WINDOWS\WinSxS\amd64_microsoft.windows.common-controls_6595b64144ccf1df_6.0.17134.407_none_fb449d63306391e9;E:\Java\jdk-10.0.1\bin\server;C:\WINDOWS\System32\DriverStore\FileRepository\igdlh64.inf_amd64_0d8b06fa651db23a

VM Arguments:
jvm_args: -agentlib:jdwp=transport=dt_socket,address=127.0.0.1:57924,suspend=y,server=n -javaagent:C:\Users\Marcelina\.IntelliJIdea2018.1\system\captureAgent\debugger-agent.jar=file:/C:/Users/Marcelina/AppData/Local/Temp/capture.props -Dfile.encoding=UTF-8 
java_command: sample.Main
java_class_path (initial): E:\Studia\semestr 7\BOiL\AlgorytNaiwny\out\production\AlgorytNaiwny;E:\IntelliJ IDEA 2018.1.2\lib\idea_rt.jar
Launcher Type: SUN_STANDARD

Logging:
Log output configuration:
#0: stdout all=warning uptime,level,tags
#1: stderr all=off uptime,level,tags

Environment Variables:
JAVA_HOME=E:\Java\jdk-10.0.1
PATH=C:\Program Files\Microsoft MPI\Bin\;C:\Program Files (x86)\Common Files\Oracle\Java\javapath;C:\Program Files (x86)\Intel\iCLS Client\;C:\Program Files\Intel\iCLS Client\;C:\WINDOWS\system32;C:\WINDOWS;C:\WINDOWS\System32\Wbem;C:\WINDOWS\System32\WindowsPowerShell\v1.0\;C:\Program Files (x86)\Intel\Intel(R) Management Engine Components\DAL;C:\Program Files\Intel\Intel(R) Management Engine Components\DAL;C:\Program Files (x86)\Intel\Intel(R) Management Engine Components\IPT;C:\Program Files\Intel\Intel(R) Management Engine Components\IPT;E:\Program Files\nodejs\;C:\Users\Marcelina\Downloads\apache-maven-3.5.3-bin\apache-maven-3.5.3\bin;C:\Program Files\dotnet\;C:\Program Files\Microsoft SQL Server\130\Tools\Binn\;C:\WINDOWS\System32\OpenSSH\;;C:\Program Files\Common Files\Datawatch\Drivers\7.1.5\jre\bin;C:\Program Files\Common Files\Datawatch\Drivers\7.1.5\jre\bin\server;E:\Java\jdk-10.0.1\bin;C:\Users\Marcelina\AppData\Roaming\npm;e:\Program Files\Microsoft VS Code\bin;C:\Users\Marcelina\AppData\Local\Microsoft\WindowsApps;C:\Users\Marcelina\Downloads\apache-maven-3.5.3-bin\apache-maven-3.5.3\bin;C:\Users\Marcelina\AppData\Local\GitHubDesktop\bin;E:\xampp\mysql\bin;;%USERPROFILE%\AppData\Local\Microsoft\WindowsApps
USERNAME=Marcelina
OS=Windows_NT
PROCESSOR_IDENTIFIER=Intel64 Family 6 Model 142 Stepping 10, GenuineIntel



---------------  S Y S T E M  ---------------

OS: Windows 10 , 64 bit Build 17134 (10.0.17134.1)

CPU:total 8 (initial active 8) (4 cores per cpu, 2 threads per core) family 6 model 142 stepping 10, cmov, cx8, fxsr, mmx, sse, sse2, sse3, ssse3, sse4.1, sse4.2, popcnt, avx, avx2, aes, clmul, erms, 3dnowpref, lzcnt, ht, tsc, tscinvbit, bmi1, bmi2, adx, fma

Memory: 4k page, physical 16657468k(8690084k free), swap 19147836k(8355604k free)

vm_info: Java HotSpot(TM) 64-Bit Server VM (10.0.1+10) for windows-amd64 JRE (10.0.1+10), built on Mar 27 2018 02:27:48 by "mach5one" with MS VC++ 12.0 (VS2013)

END.
